<?xml version="1.0" encoding="UTF-8" ?>
<testsuite failures="0" time="0.179" errors="0" skipped="0" tests="65" name="net.sf.taverna.t2.activities.rest.URISignatureHandlerTest">
  <properties>
[...]
</properties>
  <testcase time="0.029" classname="net.sf.taverna.t2.activities.rest.URISignatureHandlerTest" name="isValid_validURI_NoPlaceholders"/>
  <testcase time="0" classname="net.sf.taverna.t2.activities.rest.URISignatureHandlerTest" name="isValid_validURI_PlaceholdersInMainPartOfURIOnly"/>
  <testcase time="0" classname="net.sf.taverna.t2.activities.rest.URISignatureHandlerTest" name="isValid_validURI_PlaceholdersInQueryStringOnly"/>
  <testcase time="0" classname="net.sf.taverna.t2.activities.rest.URISignatureHandlerTest" name="isValid_validURI_MixedPlaceholders"/>
  <testcase time="0" classname="net.sf.taverna.t2.activities.rest.URISignatureHandlerTest" name="isValid_validURI_MultipleQueryString"/>
  <testcase time="0" classname="net.sf.taverna.t2.activities.rest.URISignatureHandlerTest" name="isValid_badURI_nullURI"/>
  <testcase time="0.001" classname="net.sf.taverna.t2.activities.rest.URISignatureHandlerTest" name="isValid_badURI_emptyURI"/>
  <testcase time="0" classname="net.sf.taverna.t2.activities.rest.URISignatureHandlerTest" name="isValid_badURI_SingleOpeningSymbolNoClosingSymbol"/>
  <testcase time="0" classname="net.sf.taverna.t2.activities.rest.URISignatureHandlerTest" name="isValid_badURI_SingleClosingSymbolNoOpeningSymbol"/>
  <testcase time="0" classname="net.sf.taverna.t2.activities.rest.URISignatureHandlerTest" name="isValid_badURI_DoubleOpeningSymbolsNoClosingSymbol"/>
  <testcase time="0" classname="net.sf.taverna.t2.activities.rest.URISignatureHandlerTest" name="isValid_badURI_DoubleOpeningSymbols"/>
  <testcase time="0" classname="net.sf.taverna.t2.activities.rest.URISignatureHandlerTest" name="isValid_badURI_DoubleOpeningSymbolsSpaced"/>
  <testcase time="0" classname="net.sf.taverna.t2.activities.rest.URISignatureHandlerTest" name="isValid_badURI_DoubleClosingSymbols"/>
  <testcase time="0" classname="net.sf.taverna.t2.activities.rest.URISignatureHandlerTest" name="isValid_badURI_DoubleClosingSymbolsSpaced"/>
  <testcase time="0" classname="net.sf.taverna.t2.activities.rest.URISignatureHandlerTest" name="isValid_badURI_NestedPlaceholders"/>
  <testcase time="0.001" classname="net.sf.taverna.t2.activities.rest.URISignatureHandlerTest" name="isValid_badURI_NestedPlaceholdersSpaced"/>
  <testcase time="0.001" classname="net.sf.taverna.t2.activities.rest.URISignatureHandlerTest" name="isValid_badURI_DuplicatePlaceholders"/>
  <testcase time="0" classname="net.sf.taverna.t2.activities.rest.URISignatureHandlerTest" name="isValid_badURI_DuplicatePlaceholdersWithOthers"/>
  <testcase time="0.001" classname="net.sf.taverna.t2.activities.rest.URISignatureHandlerTest" name="validate_validURI_NoPlaceholders"/>
  <testcase time="0" classname="net.sf.taverna.t2.activities.rest.URISignatureHandlerTest" name="validate_validURI_PlaceholdersInMainPartOfURIOnly"/>
  <testcase time="0.001" classname="net.sf.taverna.t2.activities.rest.URISignatureHandlerTest" name="validate_validURI_PlaceholdersInQueryStringOnly"/>
  <testcase time="0" classname="net.sf.taverna.t2.activities.rest.URISignatureHandlerTest" name="validate_validURI_MixedPlaceholders"/>
  <testcase time="0" classname="net.sf.taverna.t2.activities.rest.URISignatureHandlerTest" name="validate_validURI_validURI_Multiple"/>
  <testcase time="0" classname="net.sf.taverna.t2.activities.rest.URISignatureHandlerTest" name="validate_badURI_nullURI"/>
  <testcase time="0" classname="net.sf.taverna.t2.activities.rest.URISignatureHandlerTest" name="validate_badURI_emptyURI"/>
  <testcase time="0" classname="net.sf.taverna.t2.activities.rest.URISignatureHandlerTest" name="validate_badURI_SingleOpeningSymbolNoClosingSymbol"/>
  <testcase time="0" classname="net.sf.taverna.t2.activities.rest.URISignatureHandlerTest" name="validate_badURI_SingleClosingSymbolNoOpeningSymbol"/>
  <testcase time="0" classname="net.sf.taverna.t2.activities.rest.URISignatureHandlerTest" name="validate_badURI_DoubleOpeningSymbolsNoClosingSymbol"/>
  <testcase time="0" classname="net.sf.taverna.t2.activities.rest.URISignatureHandlerTest" name="validate_badURI_DoubleOpeningSymbols"/>
  <testcase time="0" classname="net.sf.taverna.t2.activities.rest.URISignatureHandlerTest" name="validate_badURI_DoubleOpeningSymbolsSpaced"/>
  <testcase time="0" classname="net.sf.taverna.t2.activities.rest.URISignatureHandlerTest" name="validate_badURI_DoubleClosingSymbols"/>
  <testcase time="0" classname="net.sf.taverna.t2.activities.rest.URISignatureHandlerTest" name="validate_badURI_DoubleClosingSymbolsSpaced"/>
  <testcase time="0" classname="net.sf.taverna.t2.activities.rest.URISignatureHandlerTest" name="validate_badURI_NestedPlaceholders"/>
  <testcase time="0" classname="net.sf.taverna.t2.activities.rest.URISignatureHandlerTest" name="validate_badURI_NestedPlaceholdersSpaced"/>
  <testcase time="0" classname="net.sf.taverna.t2.activities.rest.URISignatureHandlerTest" name="validate_badURI_DuplicatePlaceholders"/>
  <testcase time="0.001" classname="net.sf.taverna.t2.activities.rest.URISignatureHandlerTest" name="validate_badURI_DuplicatePlaceholdersWithOthers"/>
  <testcase time="0" classname="net.sf.taverna.t2.activities.rest.URISignatureHandlerTest" name="extractPlaceholders_validURI_NoPlaceholders"/>
  <testcase time="0.001" classname="net.sf.taverna.t2.activities.rest.URISignatureHandlerTest" name="extractPlaceholders_validURI_PlaceholdersInMainPartOfURIOnly"/>
  <testcase time="0" classname="net.sf.taverna.t2.activities.rest.URISignatureHandlerTest" name="extractPlaceholders_validURI_PlaceholdersInQueryStringOnly"/>
  <testcase time="0" classname="net.sf.taverna.t2.activities.rest.URISignatureHandlerTest" name="extractPlaceholders_validURI_MixedPlaceholders"/>
  <testcase time="0" classname="net.sf.taverna.t2.activities.rest.URISignatureHandlerTest" name="extractPlaceholders_validURI_MultipleQueryString"/>
  <testcase time="0" classname="net.sf.taverna.t2.activities.rest.URISignatureHandlerTest" name="extractPlaceholders_badURI_nullURI"/>
  <testcase time="0" classname="net.sf.taverna.t2.activities.rest.URISignatureHandlerTest" name="extractPlaceholders_badURI_emptyURI"/>
  <testcase time="0" classname="net.sf.taverna.t2.activities.rest.URISignatureHandlerTest" name="extractPlaceholders_badURI_SingleOpeningSymbolNoClosingSymbol"/>
  <testcase time="0" classname="net.sf.taverna.t2.activities.rest.URISignatureHandlerTest" name="extractPlaceholders_badURI_SingleClosingSymbolNoOpeningSymbol"/>
  <testcase time="0" classname="net.sf.taverna.t2.activities.rest.URISignatureHandlerTest" name="extractPlaceholders_badURI_DoubleOpeningSymbolsNoClosingSymbol"/>
  <testcase time="0" classname="net.sf.taverna.t2.activities.rest.URISignatureHandlerTest" name="extractPlaceholders_badURI_DoubleOpeningSymbols"/>
  <testcase time="0" classname="net.sf.taverna.t2.activities.rest.URISignatureHandlerTest" name="extractPlaceholders_badURI_DoubleOpeningSymbolsSpaced"/>
  <testcase time="0.001" classname="net.sf.taverna.t2.activities.rest.URISignatureHandlerTest" name="extractPlaceholders_badURI_DoubleClosingSymbols"/>
  <testcase time="0" classname="net.sf.taverna.t2.activities.rest.URISignatureHandlerTest" name="extractPlaceholders_badURI_DoubleClosingSymbolsSpaced"/>
  <testcase time="0.001" classname="net.sf.taverna.t2.activities.rest.URISignatureHandlerTest" name="extractPlaceholders_badURI_NestedPlaceholders"/>
  <testcase time="0" classname="net.sf.taverna.t2.activities.rest.URISignatureHandlerTest" name="extractPlaceholders_badURI_NestedPlaceholdersSpaced"/>
  <testcase time="0" classname="net.sf.taverna.t2.activities.rest.URISignatureHandlerTest" name="extractPlaceholders_badURI_DuplicatePlaceholders"/>
  <testcase time="0" classname="net.sf.taverna.t2.activities.rest.URISignatureHandlerTest" name="extractPlaceholders_badURI_DuplicatePlaceholdersWithOthers"/>
  <testcase time="0.001" classname="net.sf.taverna.t2.activities.rest.URISignatureHandlerTest" name="generateCompleteURI_successfulURIGeneration"/>
  <testcase time="0.002" classname="net.sf.taverna.t2.activities.rest.URISignatureHandlerTest" name="generateCompleteURI_successfulURIGeneration_URLParameterEscaping"/>
  <testcase time="0.001" classname="net.sf.taverna.t2.activities.rest.URISignatureHandlerTest" name="generateCompleteURI_successfulURIGeneration_noURLParameterEscaping"/>
  <testcase time="0.003" classname="net.sf.taverna.t2.activities.rest.URISignatureHandlerTest" name="generateCompleteURI_successfulURIGeneration_optionalParams"/>
  <testcase time="0" classname="net.sf.taverna.t2.activities.rest.URISignatureHandlerTest" name="generateCompleteURI_signatureWithNoPlaceholders_nullParameterMap"/>
  <testcase time="0.001" classname="net.sf.taverna.t2.activities.rest.URISignatureHandlerTest" name="generateCompleteURI_signatureWithNoPlaceholders_emptyParameterMap"/>
  <testcase time="0" classname="net.sf.taverna.t2.activities.rest.URISignatureHandlerTest" name="generateCompleteURI_signatureWithPlaceholders_nullParameterMap"/>
  <testcase time="0" classname="net.sf.taverna.t2.activities.rest.URISignatureHandlerTest" name="generateCompleteURI_signatureWithPlaceholders_emptyParameterMap"/>
  <testcase time="0.001" classname="net.sf.taverna.t2.activities.rest.URISignatureHandlerTest" name="generateCompleteURI_signatureWithPlaceholders_missingParameterURIGeneration_FailureNotExpected"/>
  <testcase time="0.001" classname="net.sf.taverna.t2.activities.rest.URISignatureHandlerTest" name="generateCompleteURI_duplicatePlaceholderURIGeneration_FailureExpected"/>
  <testcase time="0.002" classname="net.sf.taverna.t2.activities.rest.URISignatureHandlerTest" name="generateCompleteURI_failureURIGeneration_optionalParams"/>
</testsuite>